2023-12-13 18:29:19,867 - annb - INFO - running only pgvector
2023-12-13 18:29:20,029 - annb - INFO - Order: [Definition(algorithm='pgvector', constructor='PGVector', module='ann_benchmarks.algorithms.pgvector', docker_tag='ann-benchmarks-pgvector', arguments=['euclidean', {'M': 16, 'efConstruction': 200}], query_argument_groups=[[10], [20], [40], [80], [120], [200], [400], [800]], disabled=False), Definition(algorithm='pgvector', constructor='PGVector', module='ann_benchmarks.algorithms.pgvector', docker_tag='ann-benchmarks-pgvector', arguments=['euclidean', {'M': 24, 'efConstruction': 200}], query_argument_groups=[[10], [20], [40], [80], [120], [200], [400], [800]], disabled=False)]
2023-12-13 18:29:20,952 - annb.607b50b337c2 - INFO - Created container 607b50b337c2: CPU limit 0-7, mem limit 32403516160, timeout 18000, command ['--dataset', 'gist-960-euclidean', '--algorithm', 'pgvector', '--module', 'ann_benchmarks.algorithms.pgvector', '--constructor', 'PGVector', '--runs', '5', '--count', '10', '--batch', '["euclidean", {"M": 16, "efConstruction": 200}]', '[10]', '[20]', '[40]', '[80]', '[120]', '[200]', '[400]', '[800]']
2023-12-13 18:29:21,695 - annb.607b50b337c2 - INFO - [34m['euclidean', {'M': 16, 'efConstruction': 200}][0m
2023-12-13 18:29:21,695 - annb.607b50b337c2 - INFO - [34mTrying to instantiate ann_benchmarks.algorithms.pgvector.PGVector(['euclidean', {'M': 16, 'efConstruction': 200}])[0m
2023-12-13 18:29:43,933 - annb.607b50b337c2 - INFO - [34mGot a train set of size (1000000 * 960)[0m
2023-12-13 18:29:43,933 - annb.607b50b337c2 - INFO - [34mGot 1000 queries[0m
2023-12-13 18:29:45,889 - annb.607b50b337c2 - INFO - [34m * Starting PostgreSQL 14 database server[0m
2023-12-13 18:29:53,423 - annb.607b50b337c2 - INFO - [34m   ...done.[0m
2023-12-13 18:29:53,462 - annb.607b50b337c2 - INFO - [34mcopying data...[0m
2023-12-13 18:45:12,215 - annb.607b50b337c2 - INFO - [34mcreating index...[0m
2023-12-13 20:31:24,286 - annb.607b50b337c2 - INFO - [34mdone![0m
2023-12-13 20:31:24,301 - annb.607b50b337c2 - INFO - [34mBuilt index in 7298.546877622604[0m
2023-12-13 20:31:24,302 - annb.607b50b337c2 - INFO - [34mIndex size:  7863632.0[0m
2023-12-13 20:31:24,302 - annb.607b50b337c2 - INFO - [34mRunning query argument group 1 of 8...[0m
2023-12-13 20:31:24,303 - annb.607b50b337c2 - INFO - [34mRun 1/5...[0m
2023-12-13 20:31:29,514 - annb.607b50b337c2 - INFO - [34mRun 2/5...[0m
2023-12-13 20:31:30,859 - annb.607b50b337c2 - INFO - [34mRun 3/5...[0m
2023-12-13 20:31:32,204 - annb.607b50b337c2 - INFO - [34mRun 4/5...[0m
2023-12-13 20:31:33,509 - annb.607b50b337c2 - INFO - [34mRun 5/5...[0m
2023-12-13 20:31:35,038 - annb.607b50b337c2 - INFO - [34mRunning query argument group 2 of 8...[0m
2023-12-13 20:31:35,039 - annb.607b50b337c2 - INFO - [34mRun 1/5...[0m
2023-12-13 20:31:37,927 - annb.607b50b337c2 - INFO - [34mRun 2/5...[0m
2023-12-13 20:31:39,769 - annb.607b50b337c2 - INFO - [34mRun 3/5...[0m
2023-12-13 20:31:41,630 - annb.607b50b337c2 - INFO - [34mRun 4/5...[0m
2023-12-13 20:31:43,469 - annb.607b50b337c2 - INFO - [34mRun 5/5...[0m
2023-12-13 20:31:45,472 - annb.607b50b337c2 - INFO - [34mRunning query argument group 3 of 8...[0m
2023-12-13 20:31:45,472 - annb.607b50b337c2 - INFO - [34mRun 1/5...[0m
2023-12-13 20:31:49,409 - annb.607b50b337c2 - INFO - [34mRun 2/5...[0m
2023-12-13 20:31:52,167 - annb.607b50b337c2 - INFO - [34mRun 3/5...[0m
2023-12-13 20:31:54,887 - annb.607b50b337c2 - INFO - [34mRun 4/5...[0m
2023-12-13 20:31:57,579 - annb.607b50b337c2 - INFO - [34mRun 5/5...[0m
2023-12-13 20:32:00,619 - annb.607b50b337c2 - INFO - [34mRunning query argument group 4 of 8...[0m
2023-12-13 20:32:00,619 - annb.607b50b337c2 - INFO - [34mRun 1/5...[0m
2023-12-13 20:32:06,764 - annb.607b50b337c2 - INFO - [34mRun 2/5...[0m
2023-12-13 20:32:12,249 - annb.607b50b337c2 - INFO - [34mRun 3/5...[0m
2023-12-13 20:32:17,816 - annb.607b50b337c2 - INFO - [34mRun 4/5...[0m
2023-12-13 20:32:23,230 - annb.607b50b337c2 - INFO - [34mRun 5/5...[0m
2023-12-13 20:32:28,731 - annb.607b50b337c2 - INFO - [34mRunning query argument group 5 of 8...[0m
2023-12-13 20:32:28,731 - annb.607b50b337c2 - INFO - [34mRun 1/5...[0m
2023-12-13 20:32:36,860 - annb.607b50b337c2 - INFO - [34mRun 2/5...[0m
2023-12-13 20:32:44,512 - annb.607b50b337c2 - INFO - [34mRun 3/5...[0m
2023-12-13 20:32:52,138 - annb.607b50b337c2 - INFO - [34mRun 4/5...[0m
2023-12-13 20:32:59,716 - annb.607b50b337c2 - INFO - [34mRun 5/5...[0m
2023-12-13 20:33:07,444 - annb.607b50b337c2 - INFO - [34mRunning query argument group 6 of 8...[0m
2023-12-13 20:33:07,444 - annb.607b50b337c2 - INFO - [34mRun 1/5...[0m
2023-12-13 20:33:19,265 - annb.607b50b337c2 - INFO - [34mRun 2/5...[0m
2023-12-13 20:33:30,925 - annb.607b50b337c2 - INFO - [34mRun 3/5...[0m
2023-12-13 20:33:42,682 - annb.607b50b337c2 - INFO - [34mRun 4/5...[0m
2023-12-13 20:33:54,258 - annb.607b50b337c2 - INFO - [34mRun 5/5...[0m
2023-12-13 20:34:07,992 - annb.607b50b337c2 - INFO - [34mRunning query argument group 7 of 8...[0m
2023-12-13 20:34:07,992 - annb.607b50b337c2 - INFO - [34mRun 1/5...[0m
2023-12-13 20:34:46,288 - annb.607b50b337c2 - INFO - [34mRun 2/5...[0m
2023-12-13 20:35:07,635 - annb.607b50b337c2 - INFO - [34mRun 3/5...[0m
2023-12-13 20:35:29,145 - annb.607b50b337c2 - INFO - [34mRun 4/5...[0m
2023-12-13 20:35:49,831 - annb.607b50b337c2 - INFO - [34mRun 5/5...[0m
2023-12-13 20:36:10,827 - annb.607b50b337c2 - INFO - [34mRunning query argument group 8 of 8...[0m
2023-12-13 20:36:10,827 - annb.607b50b337c2 - INFO - [34mRun 1/5...[0m
2023-12-13 20:36:48,789 - annb.607b50b337c2 - INFO - [34mRun 2/5...[0m
2023-12-13 20:37:26,568 - annb.607b50b337c2 - INFO - [34mRun 3/5...[0m
2023-12-13 20:38:04,506 - annb.607b50b337c2 - INFO - [34mRun 4/5...[0m
2023-12-13 20:38:46,427 - annb.607b50b337c2 - INFO - [34mRun 5/5...[0m
2023-12-13 20:39:25,159 - annb.607b50b337c2 - INFO - Child process for container 607b50b337c2 returned exit code 0 with message None
2023-12-13 20:39:25,159 - annb.607b50b337c2 - INFO - Removing container
2023-12-13 20:39:27,349 - annb.9aa46a36a749 - INFO - Created container 9aa46a36a749: CPU limit 0-7, mem limit 32385600256, timeout 18000, command ['--dataset', 'gist-960-euclidean', '--algorithm', 'pgvector', '--module', 'ann_benchmarks.algorithms.pgvector', '--constructor', 'PGVector', '--runs', '5', '--count', '10', '--batch', '["euclidean", {"M": 24, "efConstruction": 200}]', '[10]', '[20]', '[40]', '[80]', '[120]', '[200]', '[400]', '[800]']
2023-12-13 20:39:28,134 - annb.9aa46a36a749 - INFO - [34m['euclidean', {'M': 24, 'efConstruction': 200}][0m
2023-12-13 20:39:28,134 - annb.9aa46a36a749 - INFO - [34mTrying to instantiate ann_benchmarks.algorithms.pgvector.PGVector(['euclidean', {'M': 24, 'efConstruction': 200}])[0m
2023-12-13 20:39:46,717 - annb.9aa46a36a749 - INFO - [34mGot a train set of size (1000000 * 960)[0m
2023-12-13 20:39:46,717 - annb.9aa46a36a749 - INFO - [34mGot 1000 queries[0m
2023-12-13 20:39:48,686 - annb.9aa46a36a749 - INFO - [34m * Starting PostgreSQL 14 database server[0m
2023-12-13 20:39:55,768 - annb.9aa46a36a749 - INFO - [34m   ...done.[0m
2023-12-13 20:39:55,795 - annb.9aa46a36a749 - INFO - [34mcopying data...[0m
2023-12-13 20:55:14,756 - annb.9aa46a36a749 - INFO - [34mcreating index...[0m
2023-12-13 23:47:01,613 - annb.9aa46a36a749 - INFO - [34mdone![0m
2023-12-13 23:47:01,626 - annb.9aa46a36a749 - INFO - [34mBuilt index in 11233.050072193146[0m
2023-12-13 23:47:01,627 - annb.9aa46a36a749 - INFO - [34mIndex size:  7862944.0[0m
2023-12-13 23:47:01,627 - annb.9aa46a36a749 - INFO - [34mRunning query argument group 1 of 8...[0m
2023-12-13 23:47:01,628 - annb.9aa46a36a749 - INFO - [34mRun 1/5...[0m
2023-12-13 23:47:08,748 - annb.9aa46a36a749 - INFO - [34mRun 2/5...[0m
2023-12-13 23:47:10,604 - annb.9aa46a36a749 - INFO - [34mRun 3/5...[0m
2023-12-13 23:47:12,449 - annb.9aa46a36a749 - INFO - [34mRun 4/5...[0m
2023-12-13 23:47:14,287 - annb.9aa46a36a749 - INFO - [34mRun 5/5...[0m
2023-12-13 23:47:16,301 - annb.9aa46a36a749 - INFO - [34mRunning query argument group 2 of 8...[0m
2023-12-13 23:47:16,302 - annb.9aa46a36a749 - INFO - [34mRun 1/5...[0m
2023-12-13 23:47:20,365 - annb.9aa46a36a749 - INFO - [34mRun 2/5...[0m
2023-12-13 23:47:23,012 - annb.9aa46a36a749 - INFO - [34mRun 3/5...[0m
2023-12-13 23:47:25,758 - annb.9aa46a36a749 - INFO - [34mRun 4/5...[0m
2023-12-13 23:47:28,441 - annb.9aa46a36a749 - INFO - [34mRun 5/5...[0m
2023-12-13 23:47:31,232 - annb.9aa46a36a749 - INFO - [34mRunning query argument group 3 of 8...[0m
2023-12-13 23:47:31,233 - annb.9aa46a36a749 - INFO - [34mRun 1/5...[0m
2023-12-13 23:47:37,279 - annb.9aa46a36a749 - INFO - [34mRun 2/5...[0m
2023-12-13 23:47:42,017 - annb.9aa46a36a749 - INFO - [34mRun 3/5...[0m
2023-12-13 23:47:46,814 - annb.9aa46a36a749 - INFO - [34mRun 4/5...[0m
2023-12-13 23:47:51,578 - annb.9aa46a36a749 - INFO - [34mRun 5/5...[0m
2023-12-13 23:47:56,672 - annb.9aa46a36a749 - INFO - [34mRunning query argument group 4 of 8...[0m
2023-12-13 23:47:56,672 - annb.9aa46a36a749 - INFO - [34mRun 1/5...[0m
2023-12-13 23:48:06,266 - annb.9aa46a36a749 - INFO - [34mRun 2/5...[0m
2023-12-13 23:48:15,048 - annb.9aa46a36a749 - INFO - [34mRun 3/5...[0m
2023-12-13 23:48:28,873 - annb.9aa46a36a749 - INFO - [34mRun 4/5...[0m
2023-12-13 23:48:43,138 - annb.9aa46a36a749 - INFO - [34mRun 5/5...[0m
2023-12-13 23:49:20,581 - annb.9aa46a36a749 - INFO - [34mRunning query argument group 5 of 8...[0m
2023-12-13 23:49:20,582 - annb.9aa46a36a749 - INFO - [34mRun 1/5...[0m
2023-12-13 23:50:26,719 - annb.9aa46a36a749 - INFO - [34mRun 2/5...[0m
2023-12-13 23:50:42,515 - annb.9aa46a36a749 - INFO - [34mRun 3/5...[0m
2023-12-13 23:50:56,226 - annb.9aa46a36a749 - INFO - [34mRun 4/5...[0m
2023-12-13 23:51:09,380 - annb.9aa46a36a749 - INFO - [34mRun 5/5...[0m
2023-12-13 23:51:22,150 - annb.9aa46a36a749 - INFO - [34mRunning query argument group 6 of 8...[0m
2023-12-13 23:51:22,150 - annb.9aa46a36a749 - INFO - [34mRun 1/5...[0m
2023-12-13 23:51:51,455 - annb.9aa46a36a749 - INFO - [34mRun 2/5...[0m
2023-12-13 23:52:11,656 - annb.9aa46a36a749 - INFO - [34mRun 3/5...[0m
2023-12-13 23:52:30,991 - annb.9aa46a36a749 - INFO - [34mRun 4/5...[0m
2023-12-13 23:52:50,150 - annb.9aa46a36a749 - INFO - [34mRun 5/5...[0m
2023-12-13 23:53:09,142 - annb.9aa46a36a749 - INFO - [34mRunning query argument group 7 of 8...[0m
2023-12-13 23:53:09,143 - annb.9aa46a36a749 - INFO - [34mRun 1/5...[0m
2023-12-13 23:53:49,055 - annb.9aa46a36a749 - INFO - [34mRun 2/5...[0m
2023-12-13 23:54:22,795 - annb.9aa46a36a749 - INFO - [34mRun 3/5...[0m
2023-12-13 23:54:56,162 - annb.9aa46a36a749 - INFO - [34mRun 4/5...[0m
2023-12-13 23:55:29,280 - annb.9aa46a36a749 - INFO - [34mRun 5/5...[0m
2023-12-13 23:56:02,645 - annb.9aa46a36a749 - INFO - [34mRunning query argument group 8 of 8...[0m
2023-12-13 23:56:02,646 - annb.9aa46a36a749 - INFO - [34mRun 1/5...[0m
2023-12-13 23:57:05,599 - annb.9aa46a36a749 - INFO - [34mRun 2/5...[0m
2023-12-13 23:58:06,375 - annb.9aa46a36a749 - INFO - [34mRun 3/5...[0m
2023-12-13 23:59:12,964 - annb.9aa46a36a749 - INFO - [34mRun 4/5...[0m
2023-12-14 00:00:11,258 - annb.9aa46a36a749 - INFO - [34mRun 5/5...[0m
2023-12-14 00:01:12,352 - annb.9aa46a36a749 - INFO - Child process for container 9aa46a36a749 returned exit code 0 with message None
2023-12-14 00:01:12,352 - annb.9aa46a36a749 - INFO - Removing container
2023-12-14 00:01:14,454 - annb - INFO - Terminating 1 workers
