2024-01-12 22:37:48,261 - annb - INFO - running only pgvector
2024-01-12 22:37:48,317 - annb - INFO - Order: [Definition(algorithm='pgvector', constructor='PGVector', module='ann_benchmarks.algorithms.pgvector', docker_tag='ann-benchmarks-pgvector', arguments=['angular', {'M': 16, 'efConstruction': 200}], query_argument_groups=[[10], [20], [40], [80], [120], [200], [400], [800]], disabled=False), Definition(algorithm='pgvector', constructor='PGVector', module='ann_benchmarks.algorithms.pgvector', docker_tag='ann-benchmarks-pgvector', arguments=['angular', {'M': 24, 'efConstruction': 200}], query_argument_groups=[[10], [20], [40], [80], [120], [200], [400], [800]], disabled=False)]
2024-01-12 22:37:48,814 - annb.fd66e3ace58c - INFO - Created container fd66e3ace58c: CPU limit 0-7, mem limit 32241486592, timeout 18000, command ['--dataset', 'glove-200-angular', '--algorithm', 'pgvector', '--module', 'ann_benchmarks.algorithms.pgvector', '--constructor', 'PGVector', '--runs', '5', '--count', '10', '--batch', '["angular", {"M": 16, "efConstruction": 200}]', '[10]', '[20]', '[40]', '[80]', '[120]', '[200]', '[400]', '[800]']
2024-01-12 22:37:49,379 - annb.fd66e3ace58c - INFO - [34m['angular', {'M': 16, 'efConstruction': 200}][0m
2024-01-12 22:37:49,380 - annb.fd66e3ace58c - INFO - [34mTrying to instantiate ann_benchmarks.algorithms.pgvector.PGVector(['angular', {'M': 16, 'efConstruction': 200}])[0m
2024-01-12 22:37:52,429 - annb.fd66e3ace58c - INFO - [34mGot a train set of size (1183514 * 200)[0m
2024-01-12 22:37:52,429 - annb.fd66e3ace58c - INFO - [34mGot 10000 queries[0m
2024-01-12 22:37:53,940 - annb.fd66e3ace58c - INFO - [34m * Starting PostgreSQL 15 database server[0m
2024-01-12 22:38:01,844 - annb.fd66e3ace58c - INFO - [34m   ...done.[0m
2024-01-12 22:38:01,875 - annb.fd66e3ace58c - INFO - [34mcopying data...[0m
2024-01-12 22:42:39,575 - annb.fd66e3ace58c - INFO - [34mcreating index...[0m
2024-01-13 00:14:53,249 - annb.fd66e3ace58c - INFO - [34mdone![0m
2024-01-13 00:14:53,251 - annb.fd66e3ace58c - INFO - [34mBuilt index in 5819.392551660538[0m
2024-01-13 00:14:53,251 - annb.fd66e3ace58c - INFO - [34mIndex size:  1352608.0[0m
2024-01-13 00:14:53,251 - annb.fd66e3ace58c - INFO - [34mRunning query argument group 1 of 8...[0m
2024-01-13 00:14:53,252 - annb.fd66e3ace58c - INFO - [34mRun 1/5...[0m
2024-01-13 00:15:06,994 - annb.fd66e3ace58c - INFO - [34mRun 2/5...[0m
2024-01-13 00:15:21,093 - annb.fd66e3ace58c - INFO - [34mRun 3/5...[0m
2024-01-13 00:15:34,882 - annb.fd66e3ace58c - INFO - [34mRun 4/5...[0m
2024-01-13 00:15:48,938 - annb.fd66e3ace58c - INFO - [34mRun 5/5...[0m
2024-01-13 00:16:04,876 - annb.fd66e3ace58c - INFO - [34mRunning query argument group 2 of 8...[0m
2024-01-13 00:16:04,877 - annb.fd66e3ace58c - INFO - [34mRun 1/5...[0m
2024-01-13 00:16:23,341 - annb.fd66e3ace58c - INFO - [34mRun 2/5...[0m
2024-01-13 00:16:43,221 - annb.fd66e3ace58c - INFO - [34mRun 3/5...[0m
2024-01-13 00:17:01,531 - annb.fd66e3ace58c - INFO - [34mRun 4/5...[0m
2024-01-13 00:17:20,038 - annb.fd66e3ace58c - INFO - [34mRun 5/5...[0m
2024-01-13 00:17:40,869 - annb.fd66e3ace58c - INFO - [34mRunning query argument group 3 of 8...[0m
2024-01-13 00:17:40,869 - annb.fd66e3ace58c - INFO - [34mRun 1/5...[0m
2024-01-13 00:18:09,641 - annb.fd66e3ace58c - INFO - [34mRun 2/5...[0m
2024-01-13 00:18:37,023 - annb.fd66e3ace58c - INFO - [34mRun 3/5...[0m
2024-01-13 00:19:03,506 - annb.fd66e3ace58c - INFO - [34mRun 4/5...[0m
2024-01-13 00:19:32,102 - annb.fd66e3ace58c - INFO - [34mRun 5/5...[0m
2024-01-13 00:20:05,800 - annb.fd66e3ace58c - INFO - [34mRunning query argument group 4 of 8...[0m
2024-01-13 00:20:05,801 - annb.fd66e3ace58c - INFO - [34mRun 1/5...[0m
2024-01-13 00:20:52,208 - annb.fd66e3ace58c - INFO - [34mRun 2/5...[0m
2024-01-13 00:21:36,046 - annb.fd66e3ace58c - INFO - [34mRun 3/5...[0m
2024-01-13 00:22:22,677 - annb.fd66e3ace58c - INFO - [34mRun 4/5...[0m
2024-01-13 00:23:16,890 - annb.fd66e3ace58c - INFO - [34mRun 5/5...[0m
2024-01-13 00:24:32,533 - annb.fd66e3ace58c - INFO - [34mRunning query argument group 5 of 8...[0m
2024-01-13 00:24:32,533 - annb.fd66e3ace58c - INFO - [34mRun 1/5...[0m
2024-01-13 00:25:41,289 - annb.fd66e3ace58c - INFO - [34mRun 2/5...[0m
2024-01-13 00:26:50,950 - annb.fd66e3ace58c - INFO - [34mRun 3/5...[0m
2024-01-13 00:28:08,863 - annb.fd66e3ace58c - INFO - [34mRun 4/5...[0m
2024-01-13 00:29:27,840 - annb.fd66e3ace58c - INFO - [34mRun 5/5...[0m
2024-01-13 00:30:49,135 - annb.fd66e3ace58c - INFO - [34mRunning query argument group 6 of 8...[0m
2024-01-13 00:30:49,135 - annb.fd66e3ace58c - INFO - [34mRun 1/5...[0m
2024-01-13 00:32:45,736 - annb.fd66e3ace58c - INFO - [34mRun 2/5...[0m
2024-01-13 00:34:42,759 - annb.fd66e3ace58c - INFO - [34mRun 3/5...[0m
2024-01-13 00:36:38,422 - annb.fd66e3ace58c - INFO - [34mRun 4/5...[0m
2024-01-13 00:38:34,988 - annb.fd66e3ace58c - INFO - [34mRun 5/5...[0m
2024-01-13 00:40:21,809 - annb.fd66e3ace58c - INFO - [34mRunning query argument group 7 of 8...[0m
2024-01-13 00:40:21,809 - annb.fd66e3ace58c - INFO - [34mRun 1/5...[0m
2024-01-13 00:43:20,838 - annb.fd66e3ace58c - INFO - [34mRun 2/5...[0m
2024-01-13 00:46:08,742 - annb.fd66e3ace58c - INFO - [34mRun 3/5...[0m
2024-01-13 00:48:44,943 - annb.fd66e3ace58c - INFO - [34mRun 4/5...[0m
2024-01-13 00:51:38,260 - annb.fd66e3ace58c - INFO - [34mRun 5/5...[0m
2024-01-13 00:54:24,585 - annb.fd66e3ace58c - INFO - [34mRunning query argument group 8 of 8...[0m
2024-01-13 00:54:24,585 - annb.fd66e3ace58c - INFO - [34mRun 1/5...[0m
2024-01-13 00:59:27,077 - annb.fd66e3ace58c - INFO - [34mRun 2/5...[0m
2024-01-13 01:05:10,933 - annb.fd66e3ace58c - INFO - [34mRun 3/5...[0m
2024-01-13 01:10:21,421 - annb.fd66e3ace58c - INFO - [34mRun 4/5...[0m
2024-01-13 01:15:23,525 - annb.fd66e3ace58c - INFO - [34mRun 5/5...[0m
2024-01-13 01:20:31,130 - annb.fd66e3ace58c - INFO - Child process for container fd66e3ace58c returned exit code 0 with message 
2024-01-13 01:20:31,131 - annb.fd66e3ace58c - INFO - Removing container
2024-01-13 01:20:32,169 - annb.aaf659689774 - INFO - Created container aaf659689774: CPU limit 0-7, mem limit 32247188224, timeout 18000, command ['--dataset', 'glove-200-angular', '--algorithm', 'pgvector', '--module', 'ann_benchmarks.algorithms.pgvector', '--constructor', 'PGVector', '--runs', '5', '--count', '10', '--batch', '["angular", {"M": 24, "efConstruction": 200}]', '[10]', '[20]', '[40]', '[80]', '[120]', '[200]', '[400]', '[800]']
2024-01-13 01:20:32,681 - annb.aaf659689774 - INFO - [34m['angular', {'M': 24, 'efConstruction': 200}][0m
2024-01-13 01:20:32,682 - annb.aaf659689774 - INFO - [34mTrying to instantiate ann_benchmarks.algorithms.pgvector.PGVector(['angular', {'M': 24, 'efConstruction': 200}])[0m
2024-01-13 01:20:34,682 - annb.aaf659689774 - INFO - [34mGot a train set of size (1183514 * 200)[0m
2024-01-13 01:20:34,683 - annb.aaf659689774 - INFO - [34mGot 10000 queries[0m
2024-01-13 01:20:35,862 - annb.aaf659689774 - INFO - [34m * Starting PostgreSQL 15 database server[0m
2024-01-13 01:20:43,634 - annb.aaf659689774 - INFO - [34m   ...done.[0m
2024-01-13 01:20:43,660 - annb.aaf659689774 - INFO - [34mcopying data...[0m
2024-01-13 01:24:44,575 - annb.aaf659689774 - INFO - [34mcreating index...[0m
2024-01-13 03:37:03,470 - annb.aaf659689774 - INFO - [34mdone![0m
2024-01-13 03:37:03,475 - annb.aaf659689774 - INFO - [34mBuilt index in 8187.675847053528[0m
2024-01-13 03:37:03,475 - annb.aaf659689774 - INFO - [34mIndex size:  1578032.0[0m
2024-01-13 03:37:03,475 - annb.aaf659689774 - INFO - [34mRunning query argument group 1 of 8...[0m
2024-01-13 03:37:03,475 - annb.aaf659689774 - INFO - [34mRun 1/5...[0m
2024-01-13 03:37:23,000 - annb.aaf659689774 - INFO - [34mRun 2/5...[0m
2024-01-13 03:37:41,598 - annb.aaf659689774 - INFO - [34mRun 3/5...[0m
2024-01-13 03:38:01,598 - annb.aaf659689774 - INFO - [34mRun 4/5...[0m
2024-01-13 03:38:20,299 - annb.aaf659689774 - INFO - [34mRun 5/5...[0m
2024-01-13 03:38:41,155 - annb.aaf659689774 - INFO - [34mRunning query argument group 2 of 8...[0m
2024-01-13 03:38:41,155 - annb.aaf659689774 - INFO - [34mRun 1/5...[0m
2024-01-13 03:39:05,191 - annb.aaf659689774 - INFO - [34mRun 2/5...[0m
2024-01-13 03:39:29,059 - annb.aaf659689774 - INFO - [34mRun 3/5...[0m
2024-01-13 03:39:53,562 - annb.aaf659689774 - INFO - [34mRun 4/5...[0m
2024-01-13 03:40:18,782 - annb.aaf659689774 - INFO - [34mRun 5/5...[0m
2024-01-13 03:40:48,430 - annb.aaf659689774 - INFO - [34mRunning query argument group 3 of 8...[0m
2024-01-13 03:40:48,430 - annb.aaf659689774 - INFO - [34mRun 1/5...[0m
2024-01-13 03:41:24,841 - annb.aaf659689774 - INFO - [34mRun 2/5...[0m
2024-01-13 03:42:05,029 - annb.aaf659689774 - INFO - [34mRun 3/5...[0m
2024-01-13 03:42:49,886 - annb.aaf659689774 - INFO - [34mRun 4/5...[0m
2024-01-13 03:43:28,833 - annb.aaf659689774 - INFO - [34mRun 5/5...[0m
2024-01-13 03:44:13,144 - annb.aaf659689774 - INFO - [34mRunning query argument group 4 of 8...[0m
2024-01-13 03:44:13,144 - annb.aaf659689774 - INFO - [34mRun 1/5...[0m
2024-01-13 03:45:19,801 - annb.aaf659689774 - INFO - [34mRun 2/5...[0m
2024-01-13 03:46:25,137 - annb.aaf659689774 - INFO - [34mRun 3/5...[0m
2024-01-13 03:47:43,226 - annb.aaf659689774 - INFO - [34mRun 4/5...[0m
2024-01-13 03:49:03,350 - annb.aaf659689774 - INFO - [34mRun 5/5...[0m
2024-01-13 03:50:16,430 - annb.aaf659689774 - INFO - [34mRunning query argument group 5 of 8...[0m
2024-01-13 03:50:16,430 - annb.aaf659689774 - INFO - [34mRun 1/5...[0m
2024-01-13 03:51:45,077 - annb.aaf659689774 - INFO - [34mRun 2/5...[0m
2024-01-13 03:53:09,023 - annb.aaf659689774 - INFO - [34mRun 3/5...[0m
2024-01-13 03:54:36,064 - annb.aaf659689774 - INFO - [34mRun 4/5...[0m
2024-01-13 03:56:08,715 - annb.aaf659689774 - INFO - [34mRun 5/5...[0m
2024-01-13 03:57:37,169 - annb.aaf659689774 - INFO - [34mRunning query argument group 6 of 8...[0m
2024-01-13 03:57:37,170 - annb.aaf659689774 - INFO - [34mRun 1/5...[0m
2024-01-13 03:59:53,997 - annb.aaf659689774 - INFO - [34mRun 2/5...[0m
2024-01-13 04:02:09,170 - annb.aaf659689774 - INFO - [34mRun 3/5...[0m
2024-01-13 04:04:31,620 - annb.aaf659689774 - INFO - [34mRun 4/5...[0m
2024-01-13 04:06:44,334 - annb.aaf659689774 - INFO - [34mRun 5/5...[0m
2024-01-13 04:09:05,409 - annb.aaf659689774 - INFO - [34mRunning query argument group 7 of 8...[0m
2024-01-13 04:09:05,409 - annb.aaf659689774 - INFO - [34mRun 1/5...[0m
2024-01-13 04:13:34,500 - annb.aaf659689774 - INFO - [34mRun 2/5...[0m
2024-01-13 04:17:33,997 - annb.aaf659689774 - INFO - [34mRun 3/5...[0m
2024-01-13 04:21:33,503 - annb.aaf659689774 - INFO - [34mRun 4/5...[0m
2024-01-13 04:25:31,776 - annb.aaf659689774 - INFO - [34mRun 5/5...[0m
2024-01-13 04:29:30,742 - annb.aaf659689774 - INFO - [34mRunning query argument group 8 of 8...[0m
2024-01-13 04:29:30,742 - annb.aaf659689774 - INFO - [34mRun 1/5...[0m
2024-01-13 04:37:08,492 - annb.aaf659689774 - INFO - [34mRun 2/5...[0m
2024-01-13 04:44:29,659 - annb.aaf659689774 - INFO - [34mRun 3/5...[0m
2024-01-13 04:51:57,628 - annb.aaf659689774 - INFO - [34mRun 4/5...[0m
2024-01-13 04:59:24,127 - annb.aaf659689774 - INFO - [34mRun 5/5...[0m
2024-01-13 05:06:53,050 - annb.aaf659689774 - INFO - Child process for container aaf659689774 returned exit code 0 with message 
2024-01-13 05:06:53,051 - annb.aaf659689774 - INFO - Removing container
2024-01-13 05:06:53,646 - annb - INFO - Terminating 1 workers
